# JRE version: Java(TM) SE Runtime Environment (8.0_131-b11) (build 1.8.0_131-b11)
# Java VM: Java HotSpot(TM) 64-Bit Server VM (25.131-b11 mixed mode windows-amd64 compressed oops)
Heap:
 PSYoungGen      total 29184K, used 12008K [0x00000000eab00000, 0x00000000ecc00000, 0x0000000100000000)
  eden space 22016K, 41% used [0x00000000eab00000,0x00000000eb3d2258,0x00000000ec080000)
  from space 7168K, 41% used [0x00000000ec080000,0x00000000ec368000,0x00000000ec780000)
  to   space 4608K, 0% used [0x00000000ec780000,0x00000000ec780000,0x00000000ecc00000)
 ParOldGen       total 68608K, used 36319K [0x00000000c0000000, 0x00000000c4300000, 0x00000000eab00000)
  object space 68608K, 52% used [0x00000000c0000000,0x00000000c2377d90,0x00000000c4300000)
 Metaspace       used 44304K, capacity 46857K, committed 46976K, reserved 1093632K
  class space    used 4712K, capacity 5458K, committed 5504K, reserved 1048576K
GC Heap History (10 events):
Event: 7.727 GC heap before
{Heap before GC invocations=15 (full 2):
 PSYoungGen      total 31744K, used 26432K [0x00000000eab00000, 0x00000000ecc00000, 0x0000000100000000)
  eden space 26112K, 100% used [0x00000000eab00000,0x00000000ec480000,0x00000000ec480000)
  from space 5632K, 5% used [0x00000000ec680000,0x00000000ec6d0000,0x00000000ecc00000)
  to   space 2048K, 0% used [0x00000000ec480000,0x00000000ec480000,0x00000000ec680000)
 ParOldGen       total 68608K, used 25845K [0x00000000c0000000, 0x00000000c4300000, 0x00000000eab00000)
  object space 68608K, 37% used [0x00000000c0000000,0x00000000c193d5a0,0x00000000c4300000)
 Metaspace       used 39865K, capacity 42372K, committed 42496K, reserved 1087488K
  class space    used 4273K, capacity 5030K, committed 5120K, reserved 1048576K
Event: 7.734 GC heap after
Heap after GC invocations=15 (full 2):
 PSYoungGen      total 28160K, used 2039K [0x00000000eab00000, 0x00000000ecc00000, 0x0000000100000000)
  eden space 26112K, 0% used [0x00000000eab00000,0x00000000eab00000,0x00000000ec480000)
  from space 2048K, 99% used [0x00000000ec480000,0x00000000ec67dc10,0x00000000ec680000)
  to   space 3584K, 0% used [0x00000000ec880000,0x00000000ec880000,0x00000000ecc00000)
 ParOldGen       total 68608K, used 26696K [0x00000000c0000000, 0x00000000c4300000, 0x00000000eab00000)
  object space 68608K, 38% used [0x00000000c0000000,0x00000000c1a120c0,0x00000000c4300000)
 Metaspace       used 39865K, capacity 42372K, committed 42496K, reserved 1087488K
  class space    used 4273K, capacity 5030K, committed 5120K, reserved 1048576K
}
Event: 9.448 GC heap before
{Heap before GC invocations=16 (full 2):
 PSYoungGen      total 28160K, used 28151K [0x00000000eab00000, 0x00000000ecc00000, 0x0000000100000000)
  eden space 26112K, 100% used [0x00000000eab00000,0x00000000ec480000,0x00000000ec480000)
  from space 2048K, 99% used [0x00000000ec480000,0x00000000ec67dc10,0x00000000ec680000)
  to   space 3584K, 0% used [0x00000000ec880000,0x00000000ec880000,0x00000000ecc00000)
 ParOldGen       total 68608K, used 26696K [0x00000000c0000000, 0x00000000c4300000, 0x00000000eab00000)
  object space 68608K, 38% used [0x00000000c0000000,0x00000000c1a120c0,0x00000000c4300000)
 Metaspace       used 42602K, capacity 45082K, committed 45312K, reserved 1089536K
  class space    used 4570K, capacity 5348K, committed 5376K, reserved 1048576K
Event: 9.454 GC heap after
Heap after GC invocations=16 (full 2):
 PSYoungGen      total 28160K, used 3567K [0x00000000eab00000, 0x00000000ecf00000, 0x0000000100000000)
  eden space 24576K, 0% used [0x00000000eab00000,0x00000000eab00000,0x00000000ec300000)
  from space 3584K, 99% used [0x00000000ec880000,0x00000000ecbfbe50,0x00000000ecc00000)
  to   space 5632K, 0% used [0x00000000ec300000,0x00000000ec300000,0x00000000ec880000)
 ParOldGen       total 68608K, used 28238K [0x00000000c0000000, 0x00000000c4300000, 0x00000000eab00000)
  object space 68608K, 41% used [0x00000000c0000000,0x00000000c1b938e0,0x00000000c4300000)
 Metaspace       used 42602K, capacity 45082K, committed 45312K, reserved 1089536K
  class space    used 4570K, capacity 5348K, committed 5376K, reserved 1048576K
}
Event: 9.914 GC heap before
{Heap before GC invocations=17 (full 2):
 PSYoungGen      total 28160K, used 28143K [0x00000000eab00000, 0x00000000ecf00000, 0x0000000100000000)
  eden space 24576K, 100% used [0x00000000eab00000,0x00000000ec300000,0x00000000ec300000)
  from space 3584K, 99% used [0x00000000ec880000,0x00000000ecbfbe50,0x00000000ecc00000)
  to   space 5632K, 0% used [0x00000000ec300000,0x00000000ec300000,0x00000000ec880000)
 ParOldGen       total 68608K, used 28238K [0x00000000c0000000, 0x00000000c4300000, 0x00000000eab00000)
  object space 68608K, 41% used [0x00000000c0000000,0x00000000c1b938e0,0x00000000c4300000)
 Metaspace       used 43731K, capacity 46252K, committed 46464K, reserved 1089536K
  class space    used 4685K, capacity 5453K, committed 5504K, reserved 1048576K
Event: 9.921 GC heap after
Heap after GC invocations=17 (full 2):
 PSYoungGen      total 28672K, used 4000K [0x00000000eab00000, 0x00000000ecc00000, 0x0000000100000000)
  eden space 24576K, 0% used [0x00000000eab00000,0x00000000eab00000,0x00000000ec300000)
  from space 4096K, 97% used [0x00000000ec300000,0x00000000ec6e81b8,0x00000000ec700000)
  to   space 4608K, 0% used [0x00000000ec780000,0x00000000ec780000,0x00000000ecc00000)
 ParOldGen       total 68608K, used 29846K [0x00000000c0000000, 0x00000000c4300000, 0x00000000eab00000)
  object space 68608K, 43% used [0x00000000c0000000,0x00000000c1d25950,0x00000000c4300000)
 Metaspace       used 43731K, capacity 46252K, committed 46464K, reserved 1089536K
  class space    used 4685K, capacity 5453K, committed 5504K, reserved 1048576K
}
Event: 10.219 GC heap before
{Heap before GC invocations=18 (full 2):
 PSYoungGen      total 28672K, used 28576K [0x00000000eab00000, 0x00000000ecc00000, 0x0000000100000000)
  eden space 24576K, 100% used [0x00000000eab00000,0x00000000ec300000,0x00000000ec300000)
  from space 4096K, 97% used [0x00000000ec300000,0x00000000ec6e81b8,0x00000000ec700000)
  to   space 4608K, 0% used [0x00000000ec780000,0x00000000ec780000,0x00000000ecc00000)
 ParOldGen       total 68608K, used 29846K [0x00000000c0000000, 0x00000000c4300000, 0x00000000eab00000)
  object space 68608K, 43% used [0x00000000c0000000,0x00000000c1d25950,0x00000000c4300000)
 Metaspace       used 44038K, capacity 46578K, committed 46720K, reserved 1091584K
  class space    used 4708K, capacity 5454K, committed 5504K, reserved 1048576K
Event: 10.230 GC heap after
Heap after GC invocations=18 (full 2):
 PSYoungGen      total 26624K, used 4592K [0x00000000eab00000, 0x00000000ed080000, 0x0000000100000000)
  eden space 22016K, 0% used [0x00000000eab00000,0x00000000eab00000,0x00000000ec080000)
  from space 4608K, 99% used [0x00000000ec780000,0x00000000ecbfc010,0x00000000ecc00000)
  to   space 7168K, 0% used [0x00000000ec080000,0x00000000ec080000,0x00000000ec780000)
 ParOldGen       total 68608K, used 31768K [0x00000000c0000000, 0x00000000c4300000, 0x00000000eab00000)
  object space 68608K, 46% used [0x00000000c0000000,0x00000000c1f06378,0x00000000c4300000)
 Metaspace       used 44038K, capacity 46578K, committed 46720K, reserved 1091584K
  class space    used 4708K, capacity 5454K, committed 5504K, reserved 1048576K
}
Event: 10.550 GC heap before
{Heap before GC invocations=19 (full 2):
 PSYoungGen      total 26624K, used 26608K [0x00000000eab00000, 0x00000000ed080000, 0x0000000100000000)
  eden space 22016K, 100% used [0x00000000eab00000,0x00000000ec080000,0x00000000ec080000)
  from space 4608K, 99% used [0x00000000ec780000,0x00000000ecbfc010,0x00000000ecc00000)
  to   space 7168K, 0% used [0x00000000ec080000,0x00000000ec080000,0x00000000ec780000)
 ParOldGen       total 68608K, used 31768K [0x00000000c0000000, 0x00000000c4300000, 0x00000000eab00000)
  object space 68608K, 46% used [0x00000000c0000000,0x00000000c1f06378,0x00000000c4300000)
 Metaspace       used 44196K, capacity 46729K, committed 46976K, reserved 1093632K
  class space    used 4712K, capacity 5458K, committed 5504K, reserved 1048576K
Event: 10.585 GC heap after
Heap after GC invocations=19 (full 2):
 PSYoungGen      total 29184K, used 2976K [0x00000000eab00000, 0x00000000ecc00000, 0x0000000100000000)
  eden space 22016K, 0% used [0x00000000eab00000,0x00000000eab00000,0x00000000ec080000)
  from space 7168K, 41% used [0x00000000ec080000,0x00000000ec368000,0x00000000ec780000)
  to   space 4608K, 0% used [0x00000000ec780000,0x00000000ec780000,0x00000000ecc00000)
 ParOldGen       total 68608K, used 36319K [0x00000000c0000000, 0x00000000c4300000, 0x00000000eab00000)
  object space 68608K, 52% used [0x00000000c0000000,0x00000000c2377d90,0x00000000c4300000)
 Metaspace       used 44196K, capacity 46729K, committed 46976K, reserved 1093632K
  class space    used 4712K, capacity 5458K, committed 5504K, reserved 1048576K
}

