# JRE version: Java(TM) SE Runtime Environment (8.0_131-b11) (build 1.8.0_131-b11)
# Java VM: Java HotSpot(TM) 64-Bit Server VM (25.131-b11 mixed mode windows-amd64 compressed oops)
Heap:
 PSYoungGen      total 30720K, used 9786K [0x00000000eab00000, 0x00000000ece00000, 0x0000000100000000)
  eden space 29696K, 30% used [0x00000000eab00000,0x00000000eb3d6878,0x00000000ec800000)
  from space 1024K, 71% used [0x00000000ecd00000,0x00000000ecdb8000,0x00000000ece00000)
  to   space 3072K, 0% used [0x00000000ec800000,0x00000000ec800000,0x00000000ecb00000)
 ParOldGen       total 86016K, used 59186K [0x00000000c0000000, 0x00000000c5400000, 0x00000000eab00000)
  object space 86016K, 68% used [0x00000000c0000000,0x00000000c39cc838,0x00000000c5400000)
 Metaspace       used 53489K, capacity 56732K, committed 56960K, reserved 1099776K
  class space    used 5510K, capacity 6403K, committed 6528K, reserved 1048576K
GC Heap History (10 events):
Event: 15.080 GC heap before
{Heap before GC invocations=33 (full 2):
 PSYoungGen      total 31744K, used 31730K [0x00000000eab00000, 0x00000000ed100000, 0x0000000100000000)
  eden space 28672K, 100% used [0x00000000eab00000,0x00000000ec700000,0x00000000ec700000)
  from space 3072K, 99% used [0x00000000ecb80000,0x00000000ece7cb08,0x00000000ece80000)
  to   space 4608K, 0% used [0x00000000ec700000,0x00000000ec700000,0x00000000ecb80000)
 ParOldGen       total 68608K, used 57091K [0x00000000c0000000, 0x00000000c4300000, 0x00000000eab00000)
  object space 68608K, 83% used [0x00000000c0000000,0x00000000c37c0ec8,0x00000000c4300000)
 Metaspace       used 49836K, capacity 52624K, committed 52864K, reserved 1095680K
  class space    used 5175K, capacity 5947K, committed 6016K, reserved 1048576K
Event: 15.089 GC heap after
Heap after GC invocations=33 (full 2):
 PSYoungGen      total 32768K, used 4583K [0x00000000eab00000, 0x00000000ed580000, 0x0000000100000000)
  eden space 28160K, 0% used [0x00000000eab00000,0x00000000eab00000,0x00000000ec680000)
  from space 4608K, 99% used [0x00000000ec700000,0x00000000ecb79e40,0x00000000ecb80000)
  to   space 7680K, 0% used [0x00000000ece00000,0x00000000ece00000,0x00000000ed580000)
 ParOldGen       total 68608K, used 59499K [0x00000000c0000000, 0x00000000c4300000, 0x00000000eab00000)
  object space 68608K, 86% used [0x00000000c0000000,0x00000000c3a1ad18,0x00000000c4300000)
 Metaspace       used 49836K, capacity 52624K, committed 52864K, reserved 1095680K
  class space    used 5175K, capacity 5947K, committed 6016K, reserved 1048576K
}
Event: 15.292 GC heap before
{Heap before GC invocations=34 (full 2):
 PSYoungGen      total 32768K, used 32743K [0x00000000eab00000, 0x00000000ed580000, 0x0000000100000000)
  eden space 28160K, 100% used [0x00000000eab00000,0x00000000ec680000,0x00000000ec680000)
  from space 4608K, 99% used [0x00000000ec700000,0x00000000ecb79e40,0x00000000ecb80000)
  to   space 7680K, 0% used [0x00000000ece00000,0x00000000ece00000,0x00000000ed580000)
 ParOldGen       total 68608K, used 59499K [0x00000000c0000000, 0x00000000c4300000, 0x00000000eab00000)
  object space 68608K, 86% used [0x00000000c0000000,0x00000000c3a1ad18,0x00000000c4300000)
 Metaspace       used 49902K, capacity 52624K, committed 52864K, reserved 1095680K
  class space    used 5177K, capacity 5947K, committed 6016K, reserved 1048576K
Event: 15.307 GC heap after
Heap after GC invocations=34 (full 2):
 PSYoungGen      total 32256K, used 4538K [0x00000000eab00000, 0x00000000ed280000, 0x0000000100000000)
  eden space 27648K, 0% used [0x00000000eab00000,0x00000000eab00000,0x00000000ec600000)
  from space 4608K, 98% used [0x00000000ece00000,0x00000000ed26e980,0x00000000ed280000)
  to   space 5632K, 0% used [0x00000000ec780000,0x00000000ec780000,0x00000000ecd00000)
 ParOldGen       total 68608K, used 64012K [0x00000000c0000000, 0x00000000c4300000, 0x00000000eab00000)
  object space 68608K, 93% used [0x00000000c0000000,0x00000000c3e83040,0x00000000c4300000)
 Metaspace       used 49902K, capacity 52624K, committed 52864K, reserved 1095680K
  class space    used 5177K, capacity 5947K, committed 6016K, reserved 1048576K
}
Event: 15.307 GC heap before
{Heap before GC invocations=35 (full 3):
 PSYoungGen      total 32256K, used 4538K [0x00000000eab00000, 0x00000000ed280000, 0x0000000100000000)
  eden space 27648K, 0% used [0x00000000eab00000,0x00000000eab00000,0x00000000ec600000)
  from space 4608K, 98% used [0x00000000ece00000,0x00000000ed26e980,0x00000000ed280000)
  to   space 5632K, 0% used [0x00000000ec780000,0x00000000ec780000,0x00000000ecd00000)
 ParOldGen       total 68608K, used 64012K [0x00000000c0000000, 0x00000000c4300000, 0x00000000eab00000)
  object space 68608K, 93% used [0x00000000c0000000,0x00000000c3e83040,0x00000000c4300000)
 Metaspace       used 49902K, capacity 52624K, committed 52864K, reserved 1095680K
  class space    used 5177K, capacity 5947K, committed 6016K, reserved 1048576K
Event: 15.794 GC heap after
Heap after GC invocations=35 (full 3):
 PSYoungGen      total 32256K, used 0K [0x00000000eab00000, 0x00000000ed280000, 0x0000000100000000)
  eden space 27648K, 0% used [0x00000000eab00000,0x00000000eab00000,0x00000000ec600000)
  from space 4608K, 0% used [0x00000000ece00000,0x00000000ece00000,0x00000000ed280000)
  to   space 5632K, 0% used [0x00000000ec780000,0x00000000ec780000,0x00000000ecd00000)
 ParOldGen       total 86016K, used 56459K [0x00000000c0000000, 0x00000000c5400000, 0x00000000eab00000)
  object space 86016K, 65% used [0x00000000c0000000,0x00000000c3722e20,0x00000000c5400000)
 Metaspace       used 49902K, capacity 52624K, committed 52864K, reserved 1095680K
  class space    used 5177K, capacity 5947K, committed 6016K, reserved 1048576K
}
Event: 16.481 GC heap before
{Heap before GC invocations=36 (full 3):
 PSYoungGen      total 32256K, used 27648K [0x00000000eab00000, 0x00000000ed280000, 0x0000000100000000)
  eden space 27648K, 100% used [0x00000000eab00000,0x00000000ec600000,0x00000000ec600000)
  from space 4608K, 0% used [0x00000000ece00000,0x00000000ece00000,0x00000000ed280000)
  to   space 5632K, 0% used [0x00000000ec780000,0x00000000ec780000,0x00000000ecd00000)
 ParOldGen       total 86016K, used 56459K [0x00000000c0000000, 0x00000000c5400000, 0x00000000eab00000)
  object space 86016K, 65% used [0x00000000c0000000,0x00000000c3722e20,0x00000000c5400000)
 Metaspace       used 52494K, capacity 55738K, committed 56064K, reserved 1099776K
  class space    used 5434K, capacity 6292K, committed 6400K, reserved 1048576K
Event: 16.497 GC heap after
Heap after GC invocations=36 (full 3):
 PSYoungGen      total 32768K, used 5627K [0x00000000eab00000, 0x00000000ed180000, 0x0000000100000000)
  eden space 27136K, 0% used [0x00000000eab00000,0x00000000eab00000,0x00000000ec580000)
  from space 5632K, 99% used [0x00000000ec780000,0x00000000eccfeda8,0x00000000ecd00000)
  to   space 4608K, 0% used [0x00000000ecd00000,0x00000000ecd00000,0x00000000ed180000)
 ParOldGen       total 86016K, used 56586K [0x00000000c0000000, 0x00000000c5400000, 0x00000000eab00000)
  object space 86016K, 65% used [0x00000000c0000000,0x00000000c37429c0,0x00000000c5400000)
 Metaspace       used 52494K, capacity 55738K, committed 56064K, reserved 1099776K
  class space    used 5434K, capacity 6292K, committed 6400K, reserved 1048576K
}
Event: 16.831 GC heap before
{Heap before GC invocations=37 (full 3):
 PSYoungGen      total 32768K, used 32763K [0x00000000eab00000, 0x00000000ed180000, 0x0000000100000000)
  eden space 27136K, 100% used [0x00000000eab00000,0x00000000ec580000,0x00000000ec580000)
  from space 5632K, 99% used [0x00000000ec780000,0x00000000eccfeda8,0x00000000ecd00000)
  to   space 4608K, 0% used [0x00000000ecd00000,0x00000000ecd00000,0x00000000ed180000)
 ParOldGen       total 86016K, used 56586K [0x00000000c0000000, 0x00000000c5400000, 0x00000000eab00000)
  object space 86016K, 65% used [0x00000000c0000000,0x00000000c37429c0,0x00000000c5400000)
 Metaspace       used 53174K, capacity 56264K, committed 56576K, reserved 1099776K
  class space    used 5487K, capacity 6357K, committed 6400K, reserved 1048576K
Event: 16.838 GC heap after
Heap after GC invocations=37 (full 3):
 PSYoungGen      total 30720K, used 736K [0x00000000eab00000, 0x00000000ece00000, 0x0000000100000000)
  eden space 29696K, 0% used [0x00000000eab00000,0x00000000eab00000,0x00000000ec800000)
  from space 1024K, 71% used [0x00000000ecd00000,0x00000000ecdb8000,0x00000000ece00000)
  to   space 3072K, 0% used [0x00000000ec800000,0x00000000ec800000,0x00000000ecb00000)
 ParOldGen       total 86016K, used 59186K [0x00000000c0000000, 0x00000000c5400000, 0x00000000eab00000)
  object space 86016K, 68% used [0x00000000c0000000,0x00000000c39cc838,0x00000000c5400000)
 Metaspace       used 53174K, capacity 56264K, committed 56576K, reserved 1099776K
  class space    used 5487K, capacity 6357K, committed 6400K, reserved 1048576K
}

