# JRE version: Java(TM) SE Runtime Environment (8.0_131-b11) (build 1.8.0_131-b11)
# Java VM: Java HotSpot(TM) 64-Bit Server VM (25.131-b11 mixed mode windows-amd64 compressed oops)
Heap:
 PSYoungGen      total 31744K, used 14703K [0x00000000eab00000, 0x00000000ecc00000, 0x0000000100000000)
  eden space 30208K, 43% used [0x00000000eab00000,0x00000000eb7dc730,0x00000000ec880000)
  from space 1536K, 99% used [0x00000000ec880000,0x00000000ec9ff600,0x00000000eca00000)
  to   space 2048K, 0% used [0x00000000eca00000,0x00000000eca00000,0x00000000ecc00000)
 ParOldGen       total 115200K, used 82844K [0x00000000c0000000, 0x00000000c7080000, 0x00000000eab00000)
  object space 115200K, 71% used [0x00000000c0000000,0x00000000c50e71e0,0x00000000c7080000)
 Metaspace       used 66474K, capacity 69820K, committed 70016K, reserved 1112064K
  class space    used 6469K, capacity 7462K, committed 7552K, reserved 1048576K
GC Heap History (10 events):
Event: 4811.178 GC heap before
{Heap before GC invocations=280 (full 11):
 PSYoungGen      total 32256K, used 31901K [0x00000000eab00000, 0x00000000ecd00000, 0x0000000100000000)
  eden space 30208K, 100% used [0x00000000eab00000,0x00000000ec880000,0x00000000ec880000)
  from space 2048K, 82% used [0x00000000ecb00000,0x00000000ecca7600,0x00000000ecd00000)
  to   space 2048K, 0% used [0x00000000ec900000,0x00000000ec900000,0x00000000ecb00000)
 ParOldGen       total 115200K, used 81325K [0x00000000c0000000, 0x00000000c7080000, 0x00000000eab00000)
  object space 115200K, 70% used [0x00000000c0000000,0x00000000c4f6b5e0,0x00000000c7080000)
 Metaspace       used 66458K, capacity 69820K, committed 70016K, reserved 1112064K
  class space    used 6469K, capacity 7462K, committed 7552K, reserved 1048576K
Event: 4811.181 GC heap after
Heap after GC invocations=280 (full 11):
 PSYoungGen      total 32768K, used 1938K [0x00000000eab00000, 0x00000000ecc00000, 0x0000000100000000)
  eden space 30720K, 0% used [0x00000000eab00000,0x00000000eab00000,0x00000000ec900000)
  from space 2048K, 94% used [0x00000000ec900000,0x00000000ecae4800,0x00000000ecb00000)
  to   space 1024K, 0% used [0x00000000ecb00000,0x00000000ecb00000,0x00000000ecc00000)
 ParOldGen       total 115200K, used 81325K [0x00000000c0000000, 0x00000000c7080000, 0x00000000eab00000)
  object space 115200K, 70% used [0x00000000c0000000,0x00000000c4f6b5e0,0x00000000c7080000)
 Metaspace       used 66458K, capacity 69820K, committed 70016K, reserved 1112064K
  class space    used 6469K, capacity 7462K, committed 7552K, reserved 1048576K
}
Event: 4814.638 GC heap before
{Heap before GC invocations=281 (full 11):
 PSYoungGen      total 32768K, used 32658K [0x00000000eab00000, 0x00000000ecc00000, 0x0000000100000000)
  eden space 30720K, 100% used [0x00000000eab00000,0x00000000ec900000,0x00000000ec900000)
  from space 2048K, 94% used [0x00000000ec900000,0x00000000ecae4800,0x00000000ecb00000)
  to   space 1024K, 0% used [0x00000000ecb00000,0x00000000ecb00000,0x00000000ecc00000)
 ParOldGen       total 115200K, used 81325K [0x00000000c0000000, 0x00000000c7080000, 0x00000000eab00000)
  object space 115200K, 70% used [0x00000000c0000000,0x00000000c4f6b5e0,0x00000000c7080000)
 Metaspace       used 66459K, capacity 69820K, committed 70016K, reserved 1112064K
  class space    used 6469K, capacity 7462K, committed 7552K, reserved 1048576K
Event: 4814.641 GC heap after
Heap after GC invocations=281 (full 11):
 PSYoungGen      total 31232K, used 1001K [0x00000000eab00000, 0x00000000ecd80000, 0x0000000100000000)
  eden space 30208K, 0% used [0x00000000eab00000,0x00000000eab00000,0x00000000ec880000)
  from space 1024K, 97% used [0x00000000ecb00000,0x00000000ecbfa400,0x00000000ecc00000)
  to   space 2560K, 0% used [0x00000000ec880000,0x00000000ec880000,0x00000000ecb00000)
 ParOldGen       total 115200K, used 82377K [0x00000000c0000000, 0x00000000c7080000, 0x00000000eab00000)
  object space 115200K, 71% used [0x00000000c0000000,0x00000000c50727e0,0x00000000c7080000)
 Metaspace       used 66459K, capacity 69820K, committed 70016K, reserved 1112064K
  class space    used 6469K, capacity 7462K, committed 7552K, reserved 1048576K
}
Event: 4814.730 GC heap before
{Heap before GC invocations=282 (full 11):
 PSYoungGen      total 31232K, used 31209K [0x00000000eab00000, 0x00000000ecd80000, 0x0000000100000000)
  eden space 30208K, 100% used [0x00000000eab00000,0x00000000ec880000,0x00000000ec880000)
  from space 1024K, 97% used [0x00000000ecb00000,0x00000000ecbfa400,0x00000000ecc00000)
  to   space 2560K, 0% used [0x00000000ec880000,0x00000000ec880000,0x00000000ecb00000)
 ParOldGen       total 115200K, used 82377K [0x00000000c0000000, 0x00000000c7080000, 0x00000000eab00000)
  object space 115200K, 71% used [0x00000000c0000000,0x00000000c50727e0,0x00000000c7080000)
 Metaspace       used 66465K, capacity 69820K, committed 70016K, reserved 1112064K
  class space    used 6469K, capacity 7462K, committed 7552K, reserved 1048576K
Event: 4814.733 GC heap after
Heap after GC invocations=282 (full 11):
 PSYoungGen      total 31744K, used 1481K [0x00000000eab00000, 0x00000000ecc00000, 0x0000000100000000)
  eden space 30208K, 0% used [0x00000000eab00000,0x00000000eab00000,0x00000000ec880000)
  from space 1536K, 96% used [0x00000000ec880000,0x00000000ec9f2400,0x00000000eca00000)
  to   space 2048K, 0% used [0x00000000eca00000,0x00000000eca00000,0x00000000ecc00000)
 ParOldGen       total 115200K, used 82401K [0x00000000c0000000, 0x00000000c7080000, 0x00000000eab00000)
  object space 115200K, 71% used [0x00000000c0000000,0x00000000c50787e0,0x00000000c7080000)
 Metaspace       used 66465K, capacity 69820K, committed 70016K, reserved 1112064K
  class space    used 6469K, capacity 7462K, committed 7552K, reserved 1048576K
}
Event: 4817.024 GC heap before
{Heap before GC invocations=283 (full 11):
 PSYoungGen      total 31744K, used 31689K [0x00000000eab00000, 0x00000000ecc00000, 0x0000000100000000)
  eden space 30208K, 100% used [0x00000000eab00000,0x00000000ec880000,0x00000000ec880000)
  from space 1536K, 96% used [0x00000000ec880000,0x00000000ec9f2400,0x00000000eca00000)
  to   space 2048K, 0% used [0x00000000eca00000,0x00000000eca00000,0x00000000ecc00000)
 ParOldGen       total 115200K, used 82401K [0x00000000c0000000, 0x00000000c7080000, 0x00000000eab00000)
  object space 115200K, 71% used [0x00000000c0000000,0x00000000c50787e0,0x00000000c7080000)
 Metaspace       used 66465K, capacity 69820K, committed 70016K, reserved 1112064K
  class space    used 6469K, capacity 7462K, committed 7552K, reserved 1048576K
Event: 4817.027 GC heap after
Heap after GC invocations=283 (full 11):
 PSYoungGen      total 32256K, used 1449K [0x00000000eab00000, 0x00000000ecc00000, 0x0000000100000000)
  eden space 30208K, 0% used [0x00000000eab00000,0x00000000eab00000,0x00000000ec880000)
  from space 2048K, 70% used [0x00000000eca00000,0x00000000ecb6a400,0x00000000ecc00000)
  to   space 1536K, 0% used [0x00000000ec880000,0x00000000ec880000,0x00000000eca00000)
 ParOldGen       total 115200K, used 82401K [0x00000000c0000000, 0x00000000c7080000, 0x00000000eab00000)
  object space 115200K, 71% used [0x00000000c0000000,0x00000000c50787e0,0x00000000c7080000)
 Metaspace       used 66465K, capacity 69820K, committed 70016K, reserved 1112064K
  class space    used 6469K, capacity 7462K, committed 7552K, reserved 1048576K
}
Event: 4818.534 GC heap before
{Heap before GC invocations=284 (full 11):
 PSYoungGen      total 32256K, used 31657K [0x00000000eab00000, 0x00000000ecc00000, 0x0000000100000000)
  eden space 30208K, 100% used [0x00000000eab00000,0x00000000ec880000,0x00000000ec880000)
  from space 2048K, 70% used [0x00000000eca00000,0x00000000ecb6a400,0x00000000ecc00000)
  to   space 1536K, 0% used [0x00000000ec880000,0x00000000ec880000,0x00000000eca00000)
 ParOldGen       total 115200K, used 82401K [0x00000000c0000000, 0x00000000c7080000, 0x00000000eab00000)
  object space 115200K, 71% used [0x00000000c0000000,0x00000000c50787e0,0x00000000c7080000)
 Metaspace       used 66468K, capacity 69820K, committed 70016K, reserved 1112064K
  class space    used 6469K, capacity 7462K, committed 7552K, reserved 1048576K
Event: 4818.538 GC heap after
Heap after GC invocations=284 (full 11):
 PSYoungGen      total 31744K, used 1533K [0x00000000eab00000, 0x00000000ecc00000, 0x0000000100000000)
  eden space 30208K, 0% used [0x00000000eab00000,0x00000000eab00000,0x00000000ec880000)
  from space 1536K, 99% used [0x00000000ec880000,0x00000000ec9ff600,0x00000000eca00000)
  to   space 2048K, 0% used [0x00000000eca00000,0x00000000eca00000,0x00000000ecc00000)
 ParOldGen       total 115200K, used 82844K [0x00000000c0000000, 0x00000000c7080000, 0x00000000eab00000)
  object space 115200K, 71% used [0x00000000c0000000,0x00000000c50e71e0,0x00000000c7080000)
 Metaspace       used 66468K, capacity 69820K, committed 70016K, reserved 1112064K
  class space    used 6469K, capacity 7462K, committed 7552K, reserved 1048576K
}

